<?xml version="1.0" encoding="UTF-8"?>
<testsuite xmlns:xsi="http://www.w3.org/2001/XMLSchema-instance" xsi:schemaLocation="https://maven.apache.org/surefire/maven-surefire-plugin/xsd/surefire-test-report.xsd" name="com.kc.maven.FristMaven.CellTest" time="0.152" tests="3" errors="0" skipped="0" failures="0">
  <properties>
[...]
</properties>
  <testcase name="test[行0,列0]" classname="com.kc.maven.FristMaven.CellTest" time="0.08"/>
  <testcase name="test[行1,列2]" classname="com.kc.maven.FristMaven.CellTest" time="0.041"/>
  <testcase name="test[行9,列1]" classname="com.kc.maven.FristMaven.CellTest" time="0.028"/>
</testsuite>